
[Time 35000] valid_in = 1 | valid_out = 0
matrix_a_in: 5 4 3 2 1 
matrix_b_in: 5 4 3 2 1 
matrix_c_out: 0 0 0 0 0 
----------------------------------------

[Time 45000] valid_in = 1 | valid_out = 0
matrix_a_in: 10 9 8 7 6 
matrix_b_in: 10 9 8 7 6 
matrix_c_out: 0 0 0 0 0 
----------------------------------------

[Time 55000] valid_in = 1 | valid_out = 0
matrix_a_in: 15 14 13 12 11 
matrix_b_in: 15 14 13 12 11 
matrix_c_out: 0 0 0 0 0 
----------------------------------------

[Time 65000] valid_in = 1 | valid_out = 0
matrix_a_in: 20 19 18 17 16 
matrix_b_in: 20 19 18 17 16 
matrix_c_out: 0 0 0 0 0 
----------------------------------------

[Time 75000] valid_in = 1 | valid_out = 0
matrix_a_in: 25 24 23 22 21 
matrix_b_in: 25 24 23 22 21 
matrix_c_out: 0 0 0 0 0 
----------------------------------------

[Time 125000] valid_in = 0 | valid_out = 1
matrix_a_in: 25 24 23 22 21 
matrix_b_in: 25 24 23 22 21 
matrix_c_out: 1375 1300 1225 1150 1075 
----------------------------------------

[Time 135000] valid_in = 0 | valid_out = 1
matrix_a_in: 25 24 23 22 21 
matrix_b_in: 25 24 23 22 21 
matrix_c_out: 1300 1230 1160 1090 1020 
----------------------------------------

[Time 145000] valid_in = 0 | valid_out = 1
matrix_a_in: 25 24 23 22 21 
matrix_b_in: 25 24 23 22 21 
matrix_c_out: 1225 1160 1095 1030 965 
----------------------------------------

[Time 155000] valid_in = 0 | valid_out = 1
matrix_a_in: 25 24 23 22 21 
matrix_b_in: 25 24 23 22 21 
matrix_c_out: 1150 1090 1030 970 910 
----------------------------------------

[Time 165000] valid_in = 0 | valid_out = 1
matrix_a_in: 25 24 23 22 21 
matrix_b_in: 25 24 23 22 21 
matrix_c_out: 1075 1020 965 910 855 
----------------------------------------

================ Matrix A ================
Row 0: 5 10 15 20 25 
Row 1: 4 9 14 19 24 
Row 2: 3 8 13 18 23 
Row 3: 2 7 12 17 22 
Row 4: 1 6 11 16 21 

================ Matrix B ================
Row 0: 5 4 3 2 1 
Row 1: 10 9 8 7 6 
Row 2: 15 14 13 12 11 
Row 3: 20 19 18 17 16 
Row 4: 25 24 23 22 21 

================ Matrix C ================
Row 0: 1375 1300 1225 1150 1075 
Row 1: 1300 1230 1160 1090 1020 
Row 2: 1225 1160 1095 1030 965 
Row 3: 1150 1090 1030 970 910 
Row 4: 1075 1020 965 910 855 

================ Checking Results ================
Check complete.
